<?xml version="1.0" encoding="UTF-8"?>
<testsuite name="ru.mail.polis.homework.files.CopyFileTest" tests="5" skipped="0" failures="0" errors="0" timestamp="2019-12-21T19:34:39" hostname="glad-pc" time="0.034">
  <properties/>
  <testcase name="copyOnlyDir" classname="ru.mail.polis.homework.files.CopyFileTest" time="0.011"/>
  <testcase name="copyDirEmpty" classname="ru.mail.polis.homework.files.CopyFileTest" time="0.002"/>
  <testcase name="copyOnlyFile" classname="ru.mail.polis.homework.files.CopyFileTest" time="0.002"/>
  <testcase name="copyDirHard" classname="ru.mail.polis.homework.files.CopyFileTest" time="0.015"/>
  <testcase name="copyDirWithFiles" classname="ru.mail.polis.homework.files.CopyFileTest" time="0.003"/>
  <system-out><![CDATA[]]></system-out>
  <system-err><![CDATA[]]></system-err>
</testsuite>
